<?xml version="1.0" encoding="UTF-8"?>
<!-- Generated by org.testng.reporters.JUnitXMLReporter -->
<testsuite hostname="SKY-20180316NPH" tests="20" failures="0" timestamp="19 Jul 2019 16:25:45 GMT" time="0.618" errors="0">
  <testcase name="test" time="0.163" classname="Demo"/>
  <testcase name="test" time="0.0" classname="Demo"/>
  <testcase name="test" time="0.01" classname="Demo"/>
  <testcase name="test" time="0.0" classname="Demo"/>
  <testcase name="test" time="0.0" classname="Demo"/>
  <testcase name="test" time="0.0" classname="Demo"/>
  <testcase name="test" time="0.0" classname="Demo"/>
  <testcase name="test" time="0.0" classname="Demo"/>
  <testcase name="test" time="0.01" classname="Demo"/>
  <testcase name="test" time="0.0" classname="Demo"/>
  <testcase name="test" time="0.0" classname="Demo"/>
  <testcase name="test" time="0.01" classname="Demo"/>
  <testcase name="test" time="0.0" classname="Demo"/>
  <testcase name="test" time="0.0" classname="Demo"/>
  <testcase name="test" time="0.0" classname="Demo"/>
  <testcase name="test" time="0.0" classname="Demo"/>
  <testcase name="test" time="0.01" classname="Demo"/>
  <testcase name="test" time="0.0" classname="Demo"/>
  <testcase name="test" time="0.0" classname="Demo"/>
  <testcase name="test" time="0.0" classname="Demo"/>
</testsuite>
