<?xml version="1.0" encoding="UTF-8"?>
<testsuite xmlns:xsi="http://www.w3.org/2001/XMLSchema-instance" xsi:noNamespaceSchemaLocation="https://maven.apache.org/surefire/maven-surefire-plugin/xsd/surefire-test-report-3.0.xsd" version="3.0" name="TestSuite" time="2.742" tests="20" errors="0" skipped="0" failures="0">
  <properties>
[...]
</properties>
  <testcase name="test" classname="Demo" time="0.153"/>
  <testcase name="test" classname="Demo" time="0"/>
  <testcase name="test" classname="Demo" time="0"/>
  <testcase name="test" classname="Demo" time="0"/>
  <testcase name="test" classname="Demo" time="0"/>
  <testcase name="test" classname="Demo" time="0"/>
  <testcase name="test" classname="Demo" time="0"/>
  <testcase name="test" classname="Demo" time="0"/>
  <testcase name="test" classname="Demo" time="0.02"/>
  <testcase name="test" classname="Demo" time="0"/>
  <testcase name="test" classname="Demo" time="0"/>
  <testcase name="test" classname="Demo" time="0"/>
  <testcase name="test" classname="Demo" time="0"/>
  <testcase name="test" classname="Demo" time="0"/>
  <testcase name="test" classname="Demo" time="0"/>
  <testcase name="test" classname="Demo" time="0.001"/>
  <testcase name="test" classname="Demo" time="0"/>
  <testcase name="test" classname="Demo" time="0"/>
  <testcase name="test" classname="Demo" time="0"/>
  <testcase name="test" classname="Demo" time="0"/>
</testsuite>